  C:\Users\19312\Desktop\CS330\CS330\CS330\assets\shaders\basic_lit.frag
  C:\Users\19312\Desktop\CS330\CS330\CS330\assets\shaders\basic_lit.vert
  C:\Users\19312\Desktop\CS330\CS330\CS330\assets\shaders\basic_shader.frag
  C:\Users\19312\Desktop\CS330\CS330\CS330\assets\shaders\basic_shader.vert
  C:\Users\19312\Desktop\CS330\CS330\CS330\assets\shaders\basic_unlit_color.frag
  C:\Users\19312\Desktop\CS330\CS330\CS330\assets\shaders\basic_unlit_color.vert
  C:\Users\19312\Desktop\CS330\CS330\CS330\assets\shaders\light.frag
  C:\Users\19312\Desktop\CS330\CS330\CS330\assets\shaders\light.vert
  8 File(s) copied
  application.cpp
C:\Users\19312\Desktop\CS330\CS330\CS330\include\types.h(186,28): warning C4018: '<=': signed/unsigned mismatch
C:\Users\19312\Desktop\CS330\CS330\CS330\include\types.h(299,28): warning C4018: '<': signed/unsigned mismatch
C:\Users\19312\Desktop\CS330\CS330\CS330\include\types.h(311,1): warning C4267: 'initializing': conversion from 'size_t' to 'uint32_t', possible loss of data
C:\Users\19312\Desktop\CS330\CS330\CS330\include\types.h(313,1): warning C4267: 'argument': conversion from 'size_t' to '_Ty', possible loss of data
          with
          [
              _Ty=uint32_t
          ]
C:\Users\19312\Desktop\CS330\CS330\CS330\include\types.h(318,1): warning C4267: 'argument': conversion from 'size_t' to '_Ty', possible loss of data
          with
          [
              _Ty=uint32_t
          ]
C:\Users\19312\Desktop\CS330\CS330\CS330\include\types.h(319,1): warning C4267: 'argument': conversion from 'size_t' to '_Ty', possible loss of data
          with
          [
              _Ty=uint32_t
          ]
C:\Users\19312\Desktop\CS330\CS330\CS330\include\types.h(324,1): warning C4267: 'initializing': conversion from 'size_t' to 'uint32_t', possible loss of data
C:\Users\19312\Desktop\CS330\CS330\CS330\include\types.h(326,1): warning C4267: 'argument': conversion from 'size_t' to '_Ty', possible loss of data
          with
          [
              _Ty=uint32_t
          ]
C:\Users\19312\Desktop\CS330\CS330\CS330\include\types.h(331,1): warning C4267: 'argument': conversion from 'size_t' to '_Ty', possible loss of data
          with
          [
              _Ty=uint32_t
          ]
C:\Users\19312\Desktop\CS330\CS330\CS330\include\types.h(333,1): warning C4267: 'argument': conversion from 'size_t' to '_Ty', possible loss of data
          with
          [
              _Ty=uint32_t
          ]
C:\Users\19312\Desktop\CS330\CS330\CS330\include\types.h(533,26): warning C4244: 'initializing': conversion from 'double' to 'float', possible loss of data
C:\Users\19312\Desktop\CS330\CS330\CS330\include\types.h(534,25): warning C4244: 'initializing': conversion from 'double' to 'float', possible loss of data
C:\Users\19312\Desktop\CS330\CS330\CS330\include\types.h(539,47): warning C4244: '=': conversion from 'double' to 'float', possible loss of data
C:\Users\19312\Desktop\CS330\CS330\CS330\src\application.cpp(38,21): warning C4244: 'initializing': conversion from 'double' to 'float', possible loss of data
C:\Users\19312\Desktop\CS330\CS330\CS330\src\application.cpp(137,38): warning C4244: 'argument': conversion from 'double' to 'float', possible loss of data
C:\Users\19312\Desktop\CS330\CS330\CS330\src\application.cpp(362,25): warning C4244: '=': conversion from 'double' to 'T', possible loss of data
          with
          [
              T=float
          ]
C:\Users\19312\Desktop\CS330\CS330\CS330\src\application.cpp(363,25): warning C4244: '=': conversion from 'double' to 'T', possible loss of data
          with
          [
              T=float
          ]
LINK : warning LNK4098: defaultlib 'MSVCRT' conflicts with use of other libs; use /NODEFAULTLIB:library
  CS330.vcxproj -> C:\Users\19312\Desktop\CS330\CS330\x64\Debug\CS330.exe
